h28is063:network Paul$ python network_wendling.py 
Initializing network...

Creating neurons...
Neurons: 16
Pyramidal: 4
Excitatory: 4
Slow inhibitory: 4
Fast inhibitory: 4

Configuring synaptic links...
Outbound connections:
Pyramidal: 7
Excitatory: 4
Slow inhibitory: 2
Fast inhibitory: 4
neuron type                     links
     0  pyr  [4, 5, 6, 7, 11, 12, 13]
     1  pyr   [4, 5, 6, 7, 9, 12, 13]
     2  pyr   [4, 5, 6, 7, 9, 13, 15]
     3  pyr  [4, 5, 6, 7, 10, 12, 13]
     4  exc              [0, 1, 2, 3]
     5  exc              [0, 1, 2, 3]
     6  exc              [0, 1, 2, 3]
     7  exc              [0, 1, 2, 3]
     8  sin                   [0, 14]
     9  sin                   [1, 14]
    10  sin                   [3, 15]
    11  sin                   [0, 15]
    12  fin              [0, 1, 2, 3]
    13  fin              [0, 1, 2, 3]
    14  fin              [0, 1, 2, 3]
    15  fin              [0, 1, 2, 3]

Creating synapses...
... neuron 0
... neuron 1
... neuron 2
... neuron 3
... neuron 4
... neuron 5
... neuron 6
... neuron 7
... neuron 8
... neuron 9
... neuron 10
... neuron 11
... neuron 12
... neuron 13
... neuron 14
... neuron 15
pre  post          syn
  0     4  pyr synapse
  0     5  pyr synapse
  0     6  pyr synapse
  0     7  pyr synapse
  0    11  pyr synapse
  0    12  pyr synapse
  0    13  pyr synapse
  1     4  pyr synapse
  1     5  pyr synapse
  1     6  pyr synapse
  1     7  pyr synapse
  1     9  pyr synapse
  1    12  pyr synapse
  1    13  pyr synapse
  2     4  pyr synapse
  2     5  pyr synapse
  2     6  pyr synapse
  2     7  pyr synapse
  2     9  pyr synapse
  2    13  pyr synapse
  2    15  pyr synapse
  3     4  pyr synapse
  3     5  pyr synapse
  3     6  pyr synapse
  3     7  pyr synapse
  3    10  pyr synapse
  3    12  pyr synapse
  3    13  pyr synapse
  4     0  exc synapse
  4     1  exc synapse
  4     2  exc synapse
  4     3  exc synapse
  5     0  exc synapse
  5     1  exc synapse
  5     2  exc synapse
  5     3  exc synapse
  6     0  exc synapse
  6     1  exc synapse
  6     2  exc synapse
  6     3  exc synapse
  7     0  exc synapse
  7     1  exc synapse
  7     2  exc synapse
  7     3  exc synapse
  8     0  sin synapse
  8    14  sin synapse
  9     1  sin synapse
  9    14  sin synapse
 10     3  sin synapse
 10    15  sin synapse
 11     0  sin synapse
 11    15  sin synapse
 12     0  fin synapse
 12     1  fin synapse
 12     2  fin synapse
 12     3  fin synapse
 13     0  fin synapse
 13     1  fin synapse
 13     2  fin synapse
 13     3  fin synapse
 14     0  fin synapse
 14     1  fin synapse
 14     2  fin synapse
 14     3  fin synapse
 15     0  fin synapse
 15     1  fin synapse
 15     2  fin synapse
 15     3  fin synapse

Running simulation...
Time: 0.0 ms
Time: 0.01 ms
Time: 0.02 ms
Time: 0.03 ms
Time: 0.04 ms
Time: 0.05 ms
Time: 0.06 ms
Time: 0.07 ms
Time: 0.08 ms
Time: 0.09 ms
Time: 0.1 ms
Time: 0.11 ms
Time: 0.12 ms
Time: 0.13 ms
Time: 0.14 ms
Time: 0.15 ms
Time: 0.16 ms
Time: 0.17 ms
Time: 0.18 ms
Time: 0.19 ms
Time: 0.2 ms
Time: 0.21 ms
Time: 0.22 ms
Time: 0.23 ms
Time: 0.24 ms
Time: 0.25 ms
Time: 0.26 ms
Time: 0.27 ms
Time: 0.28 ms
Time: 0.29 ms
Time: 0.3 ms
Time: 0.31 ms
Time: 0.32 ms
Time: 0.33 ms
Time: 0.34 ms
Time: 0.35 ms
Time: 0.36 ms
Time: 0.37 ms
Time: 0.38 ms
Time: 0.39 ms
Time: 0.4 ms
Time: 0.41 ms
Time: 0.42 ms
Time: 0.43 ms
Time: 0.44 ms
Time: 0.45 ms
Time: 0.46 ms
Time: 0.47 ms
Time: 0.48 ms
Time: 0.49 ms
Time: 0.5 ms
Time: 0.51 ms
Time: 0.52 ms
Time: 0.53 ms
Time: 0.54 ms
Time: 0.55 ms
Time: 0.56 ms
Time: 0.57 ms
Time: 0.58 ms
Time: 0.59 ms
Time: 0.6 ms
Time: 0.61 ms
Time: 0.62 ms
Time: 0.63 ms
Time: 0.64 ms
Time: 0.65 ms
Time: 0.66 ms
Time: 0.67 ms
Time: 0.68 ms
Time: 0.69 ms
Time: 0.7 ms
Time: 0.71 ms
Time: 0.72 ms
Time: 0.73 ms
Time: 0.74 ms
Time: 0.75 ms
Time: 0.76 ms
Time: 0.77 ms
Time: 0.78 ms
Time: 0.79 ms
Time: 0.8 ms
Time: 0.81 ms
Time: 0.82 ms
Time: 0.83 ms
Time: 0.84 ms
Time: 0.85 ms
Time: 0.86 ms
Time: 0.87 ms
Time: 0.88 ms
Time: 0.89 ms
Time: 0.9 ms
Time: 0.91 ms
Time: 0.92 ms
Time: 0.93 ms
Time: 0.94 ms
Time: 0.95 ms
Time: 0.96 ms
Time: 0.97 ms
Time: 0.98 ms
Time: 0.99 ms
Time: 1.0 ms
Time: 1.01 ms
Time: 1.02 ms
Time: 1.03 ms
Time: 1.04 ms
Time: 1.05 ms
Time: 1.06 ms
Time: 1.07 ms
Time: 1.08 ms
Time: 1.09 ms
Time: 1.1 ms
Time: 1.11 ms
Time: 1.12 ms
Time: 1.13 ms
Time: 1.14 ms
Time: 1.15 ms
Time: 1.16 ms
Time: 1.17 ms
Time: 1.18 ms
Time: 1.19 ms
Time: 1.2 ms
Time: 1.21 ms
Time: 1.22 ms
Time: 1.23 ms
Time: 1.24 ms
Time: 1.25 ms
Time: 1.26 ms
Time: 1.27 ms
Time: 1.28 ms
Time: 1.29 ms
Time: 1.3 ms
Time: 1.31 ms
Time: 1.32 ms
Time: 1.33 ms
Time: 1.34 ms
Time: 1.35 ms
Time: 1.36 ms
Time: 1.37 ms
Time: 1.38 ms
Time: 1.39 ms
Time: 1.4 ms
Time: 1.41 ms
Time: 1.42 ms
Time: 1.43 ms
Time: 1.44 ms
Time: 1.45 ms
Time: 1.46 ms
Time: 1.47 ms
Time: 1.48 ms
Time: 1.49 ms
Time: 1.5 ms
Time: 1.51 ms
Time: 1.52 ms
Time: 1.53 ms
Time: 1.54 ms
Time: 1.55 ms
Time: 1.56 ms
Time: 1.57 ms
Time: 1.58 ms
Time: 1.59 ms
Time: 1.6 ms
Time: 1.61 ms
Time: 1.62 ms
Time: 1.63 ms
Time: 1.64 ms
Time: 1.65 ms
Time: 1.66 ms
Time: 1.67 ms
Time: 1.68 ms
Time: 1.69 ms
Time: 1.7 ms
Time: 1.71 ms
Time: 1.72 ms
Time: 1.73 ms
Time: 1.74 ms
Time: 1.75 ms
Time: 1.76 ms
Time: 1.77 ms
Time: 1.78 ms
Time: 1.79 ms
Time: 1.8 ms
Time: 1.81 ms
Time: 1.82 ms
Time: 1.83 ms
Time: 1.84 ms
Time: 1.85 ms
Time: 1.86 ms
Time: 1.87 ms
Time: 1.88 ms
Time: 1.89 ms
Time: 1.9 ms
Time: 1.91 ms
Time: 1.92 ms
Time: 1.93 ms
Time: 1.94 ms
Time: 1.95 ms
Time: 1.96 ms
Time: 1.97 ms
Time: 1.98 ms
Time: 1.99 ms
Time: 2.0 ms
Time: 2.01 ms
Time: 2.02 ms
Time: 2.03 ms
Time: 2.04 ms
Time: 2.05 ms
Time: 2.06 ms
Time: 2.07 ms
Time: 2.08 ms
Time: 2.09 ms
Time: 2.1 ms
Time: 2.11 ms
Time: 2.12 ms
Time: 2.13 ms
Time: 2.14 ms
Time: 2.15 ms
Time: 2.16 ms
Time: 2.17 ms
Time: 2.18 ms
Time: 2.19 ms
Time: 2.2 ms
Time: 2.21 ms
Time: 2.22 ms
Time: 2.23 ms
Time: 2.24 ms
Time: 2.25 ms
Time: 2.26 ms
Time: 2.27 ms
Time: 2.28 ms
Time: 2.29 ms
Time: 2.3 ms
Time: 2.31 ms
Time: 2.32 ms
Time: 2.33 ms
Time: 2.34 ms
Time: 2.35 ms
Time: 2.36 ms
Time: 2.37 ms
Time: 2.38 ms
Time: 2.39 ms
Time: 2.4 ms
Time: 2.41 ms
Time: 2.42 ms
Time: 2.43 ms
Time: 2.44 ms
Time: 2.45 ms
Time: 2.46 ms
Time: 2.47 ms
Time: 2.48 ms
Time: 2.49 ms
Time: 2.5 ms
Time: 2.51 ms
Time: 2.52 ms
Time: 2.53 ms
Time: 2.54 ms
Time: 2.55 ms
Time: 2.56 ms
Time: 2.57 ms
Time: 2.58 ms
Time: 2.59 ms
Time: 2.6 ms
Time: 2.61 ms
Time: 2.62 ms
Time: 2.63 ms
Time: 2.64 ms
Time: 2.65 ms
Time: 2.66 ms
Time: 2.67 ms
Time: 2.68 ms
Time: 2.69 ms
Time: 2.7 ms
Time: 2.71 ms
Time: 2.72 ms
Time: 2.73 ms
Time: 2.74 ms
Time: 2.75 ms
Time: 2.76 ms
Time: 2.77 ms
Time: 2.78 ms
Time: 2.79 ms
Time: 2.8 ms
Time: 2.81 ms
Time: 2.82 ms
Time: 2.83 ms
Time: 2.84 ms
Time: 2.85 ms
Time: 2.86 ms
Time: 2.87 ms
Time: 2.88 ms
Time: 2.89 ms
Time: 2.9 ms
Time: 2.91 ms
Time: 2.92 ms
Time: 2.93 ms
Time: 2.94 ms
Time: 2.95 ms
Time: 2.96 ms
Time: 2.97 ms
Time: 2.98 ms
Time: 2.99 ms
Time: 3.0 ms
Time: 3.01 ms
Time: 3.02 ms
Time: 3.03 ms
Time: 3.04 ms
Time: 3.05 ms
Time: 3.06 ms
Time: 3.07 ms
Time: 3.08 ms
Time: 3.09 ms
Time: 3.1 ms
Time: 3.11 ms
Time: 3.12 ms
Time: 3.13 ms
Time: 3.14 ms
Time: 3.15 ms
Time: 3.16 ms
Time: 3.17 ms
Time: 3.18 ms
Time: 3.19 ms
Time: 3.2 ms
Time: 3.21 ms
Time: 3.22 ms
Time: 3.23 ms
Time: 3.24 ms
Time: 3.25 ms
Time: 3.26 ms
Time: 3.27 ms
Time: 3.28 ms
Time: 3.29 ms
Time: 3.3 ms
Time: 3.31 ms
Time: 3.32 ms
Time: 3.33 ms
Time: 3.34 ms
Time: 3.35 ms
Time: 3.36 ms
Time: 3.37 ms
Time: 3.38 ms
Time: 3.39 ms
Time: 3.4 ms
Time: 3.41 ms
Time: 3.42 ms
Time: 3.43 ms
Time: 3.44 ms
Time: 3.45 ms
Time: 3.46 ms
Time: 3.47 ms
Time: 3.48 ms
Time: 3.49 ms
Time: 3.5 ms
Time: 3.51 ms
Time: 3.52 ms
Time: 3.53 ms
Time: 3.54 ms
Time: 3.55 ms
Time: 3.56 ms
Time: 3.57 ms
Time: 3.58 ms
Time: 3.59 ms
Time: 3.6 ms
Time: 3.61 ms
Time: 3.62 ms
Time: 3.63 ms
Time: 3.64 ms
Time: 3.65 ms
Time: 3.66 ms
Time: 3.67 ms
Time: 3.68 ms
Time: 3.69 ms
Time: 3.7 ms
Time: 3.71 ms
Time: 3.72 ms
Time: 3.73 ms
Time: 3.74 ms
Time: 3.75 ms
Time: 3.76 ms
Time: 3.77 ms
Time: 3.78 ms
Time: 3.79 ms
Time: 3.8 ms
Time: 3.81 ms
Time: 3.82 ms
Time: 3.83 ms
Time: 3.84 ms
Time: 3.85 ms
Time: 3.86 ms
Time: 3.87 ms
Time: 3.88 ms
Time: 3.89 ms
Time: 3.9 ms
Time: 3.91 ms
Time: 3.92 ms
Time: 3.93 ms
Time: 3.94 ms
Time: 3.95 ms
Time: 3.96 ms
Time: 3.97 ms
Time: 3.98 ms
Time: 3.99 ms
Time: 4.0 ms
Time: 4.01 ms
Time: 4.02 ms
Time: 4.03 ms
Time: 4.04 ms
Time: 4.05 ms
Time: 4.06 ms
Time: 4.07 ms
Time: 4.08 ms
Time: 4.09 ms
Time: 4.1 ms
Time: 4.11 ms
Time: 4.12 ms
Time: 4.13 ms
Time: 4.14 ms
Time: 4.15 ms
Time: 4.16 ms
Time: 4.17 ms
Time: 4.18 ms
Time: 4.19 ms
Time: 4.2 ms
Time: 4.21 ms
Time: 4.22 ms
Time: 4.23 ms
Time: 4.24 ms
Time: 4.25 ms
Time: 4.26 ms
Time: 4.27 ms
Time: 4.28 ms
Time: 4.29 ms
Time: 4.3 ms
Time: 4.31 ms
Time: 4.32 ms
Time: 4.33 ms
Time: 4.34 ms
Time: 4.35 ms
Time: 4.36 ms
Time: 4.37 ms
Time: 4.38 ms
Time: 4.39 ms
Time: 4.4 ms
Time: 4.41 ms
Time: 4.42 ms
Time: 4.43 ms
Time: 4.44 ms
Time: 4.45 ms
Time: 4.46 ms
Time: 4.47 ms
Time: 4.48 ms
Time: 4.49 ms
Time: 4.5 ms
Time: 4.51 ms
Time: 4.52 ms
Time: 4.53 ms
Time: 4.54 ms
Time: 4.55 ms
Time: 4.56 ms
Time: 4.57 ms
Time: 4.58 ms
Time: 4.59 ms
Time: 4.6 ms
Time: 4.61 ms
Time: 4.62 ms
Time: 4.63 ms
Time: 4.64 ms
Time: 4.65 ms
Time: 4.66 ms
Time: 4.67 ms
Time: 4.68 ms
Time: 4.69 ms
Time: 4.7 ms
Time: 4.71 ms
Time: 4.72 ms
Time: 4.73 ms
Time: 4.74 ms
Time: 4.75 ms
Time: 4.76 ms
Time: 4.77 ms
Time: 4.78 ms
Time: 4.79 ms
Time: 4.8 ms
Time: 4.81 ms
Time: 4.82 ms
Time: 4.83 ms
Time: 4.84 ms
Time: 4.85 ms
Time: 4.86 ms
Time: 4.87 ms
Time: 4.88 ms
Time: 4.89 ms
Time: 4.9 ms
Time: 4.91 ms
Time: 4.92 ms
Time: 4.93 ms
Time: 4.94 ms
Time: 4.95 ms
Time: 4.96 ms
Time: 4.97 ms
Time: 4.98 ms
Time: 4.99 ms
Time: 5.0 ms
Time: 5.01 ms
Time: 5.02 ms
Time: 5.03 ms
Time: 5.04 ms
Time: 5.05 ms
Time: 5.06 ms
Time: 5.07 ms
Time: 5.08 ms
Time: 5.09 ms
Time: 5.1 ms
Time: 5.11 ms
Time: 5.12 ms
Time: 5.13 ms
Time: 5.14 ms
Time: 5.15 ms
Time: 5.16 ms
Time: 5.17 ms
Time: 5.18 ms
Time: 5.19 ms
Time: 5.2 ms
Time: 5.21 ms
Time: 5.22 ms
Time: 5.23 ms
Time: 5.24 ms
Time: 5.25 ms
Time: 5.26 ms
Time: 5.27 ms
Time: 5.28 ms
Time: 5.29 ms
Time: 5.3 ms
Time: 5.31 ms
Time: 5.32 ms
Time: 5.33 ms
Time: 5.34 ms
Time: 5.35 ms
Time: 5.36 ms
Time: 5.37 ms
Time: 5.38 ms
Time: 5.39 ms
Time: 5.4 ms
Time: 5.41 ms
Time: 5.42 ms
Time: 5.43 ms
Time: 5.44 ms
Time: 5.45 ms
Time: 5.46 ms
Time: 5.47 ms
Time: 5.48 ms
Time: 5.49 ms
Time: 5.5 ms
Time: 5.51 ms
Time: 5.52 ms
Time: 5.53 ms
Time: 5.54 ms
Time: 5.55 ms
Time: 5.56 ms
Time: 5.57 ms
Time: 5.58 ms
Time: 5.59 ms
Time: 5.6 ms
Time: 5.61 ms
Time: 5.62 ms
Time: 5.63 ms
Time: 5.64 ms
Time: 5.65 ms
Time: 5.66 ms
Time: 5.67 ms
Time: 5.68 ms
Time: 5.69 ms
Time: 5.7 ms
Time: 5.71 ms
Time: 5.72 ms
Time: 5.73 ms
Time: 5.74 ms
Time: 5.75 ms
Time: 5.76 ms
Time: 5.77 ms
Time: 5.78 ms
Time: 5.79 ms
Time: 5.8 ms
Time: 5.81 ms
Time: 5.82 ms
Time: 5.83 ms
Time: 5.84 ms
Time: 5.85 ms
Time: 5.86 ms
Time: 5.87 ms
Time: 5.88 ms
Time: 5.89 ms
Time: 5.9 ms
Time: 5.91 ms
Time: 5.92 ms
Time: 5.93 ms
Time: 5.94 ms
Time: 5.95 ms
Time: 5.96 ms
Time: 5.97 ms
Time: 5.98 ms
Time: 5.99 ms
Time: 6.0 ms
Time: 6.01 ms
Time: 6.02 ms
Time: 6.03 ms
Time: 6.04 ms
Time: 6.05 ms
Time: 6.06 ms
Time: 6.07 ms
Time: 6.08 ms
Time: 6.09 ms
Time: 6.1 ms
Time: 6.11 ms
Time: 6.12 ms
Time: 6.13 ms
Time: 6.14 ms
Time: 6.15 ms
Time: 6.16 ms
Time: 6.17 ms
Time: 6.18 ms
Time: 6.19 ms
Time: 6.2 ms
Time: 6.21 ms
Time: 6.22 ms
Time: 6.23 ms
Time: 6.24 ms
Time: 6.25 ms
Time: 6.26 ms
Time: 6.27 ms
Time: 6.28 ms
Time: 6.29 ms
Time: 6.3 ms
Time: 6.31 ms
Time: 6.32 ms
Time: 6.33 ms
Time: 6.34 ms
Time: 6.35 ms
Time: 6.36 ms
Time: 6.37 ms
Time: 6.38 ms
Time: 6.39 ms
Time: 6.4 ms
Time: 6.41 ms
Time: 6.42 ms
Time: 6.43 ms
Time: 6.44 ms
Time: 6.45 ms
Time: 6.46 ms
Time: 6.47 ms
Time: 6.48 ms
Time: 6.49 ms
Time: 6.5 ms
Time: 6.51 ms
Time: 6.52 ms
Time: 6.53 ms
Time: 6.54 ms
Time: 6.55 ms
Time: 6.56 ms
Time: 6.57 ms
Time: 6.58 ms
Time: 6.59 ms
Time: 6.6 ms
Time: 6.61 ms
Time: 6.62 ms
Time: 6.63 ms
Time: 6.64 ms
Time: 6.65 ms
Time: 6.66 ms
Time: 6.67 ms
Time: 6.68 ms
Time: 6.69 ms
Time: 6.7 ms
Time: 6.71 ms
Time: 6.72 ms
Time: 6.73 ms
Time: 6.74 ms
Time: 6.75 ms
Time: 6.76 ms
Time: 6.77 ms
Time: 6.78 ms
Time: 6.79 ms
Time: 6.8 ms
Time: 6.81 ms
Time: 6.82 ms
Time: 6.83 ms
Time: 6.84 ms
Time: 6.85 ms
Time: 6.86 ms
Time: 6.87 ms
Time: 6.88 ms
Time: 6.89 ms
Time: 6.9 ms
Time: 6.91 ms
Time: 6.92 ms
Time: 6.93 ms
Time: 6.94 ms
Time: 6.95 ms
Time: 6.96 ms
Time: 6.97 ms
Time: 6.98 ms
Time: 6.99 ms
Time: 7.0 ms
Time: 7.01 ms
Time: 7.02 ms
Time: 7.03 ms
Time: 7.04 ms
Time: 7.05 ms
Time: 7.06 ms
Time: 7.07 ms
Time: 7.08 ms
Time: 7.09 ms
Time: 7.1 ms
Time: 7.11 ms
Time: 7.12 ms
Time: 7.13 ms
Time: 7.14 ms
Time: 7.15 ms
Time: 7.16 ms
Time: 7.17 ms
Time: 7.18 ms
Time: 7.19 ms
Time: 7.2 ms
Time: 7.21 ms
Time: 7.22 ms
Time: 7.23 ms
Time: 7.24 ms
Time: 7.25 ms
Time: 7.26 ms
Time: 7.27 ms
Time: 7.28 ms
Time: 7.29 ms
Time: 7.3 ms
Time: 7.31 ms
Time: 7.32 ms
Time: 7.33 ms
Time: 7.34 ms
Time: 7.35 ms
Time: 7.36 ms
Time: 7.37 ms
Time: 7.38 ms
Time: 7.39 ms
Time: 7.4 ms
Time: 7.41 ms
Time: 7.42 ms
Time: 7.43 ms
Time: 7.44 ms
Time: 7.45 ms
Time: 7.46 ms
Time: 7.47 ms
Time: 7.48 ms
Time: 7.49 ms
Time: 7.5 ms
Time: 7.51 ms
Time: 7.52 ms
Time: 7.53 ms
Time: 7.54 ms
Time: 7.55 ms
Time: 7.56 ms
Time: 7.57 ms
Time: 7.58 ms
Time: 7.59 ms
Time: 7.6 ms
Time: 7.61 ms
Time: 7.62 ms
Time: 7.63 ms
Time: 7.64 ms
Time: 7.65 ms
Time: 7.66 ms
Time: 7.67 ms
Time: 7.68 ms
Time: 7.69 ms
Time: 7.7 ms
Time: 7.71 ms
Time: 7.72 ms
Time: 7.73 ms
Time: 7.74 ms
Time: 7.75 ms
Time: 7.76 ms
Time: 7.77 ms
Time: 7.78 ms
Time: 7.79 ms
Time: 7.8 ms
Time: 7.81 ms
Time: 7.82 ms
Time: 7.83 ms
Time: 7.84 ms
Time: 7.85 ms
Time: 7.86 ms
Time: 7.87 ms
Time: 7.88 ms
Time: 7.89 ms
Time: 7.9 ms
Time: 7.91 ms
Time: 7.92 ms
Time: 7.93 ms
Time: 7.94 ms
Time: 7.95 ms
Time: 7.96 ms
Time: 7.97 ms
Time: 7.98 ms
Time: 7.99 ms
Time: 8.0 ms
Time: 8.01 ms
Time: 8.02 ms
Time: 8.03 ms
Time: 8.04 ms
Time: 8.05 ms
Time: 8.06 ms
Time: 8.07 ms
Time: 8.08 ms
Time: 8.09 ms
Time: 8.1 ms
Time: 8.11 ms
Time: 8.12 ms
Time: 8.13 ms
Time: 8.14 ms
Time: 8.15 ms
Time: 8.16 ms
Time: 8.17 ms
Time: 8.18 ms
Time: 8.19 ms
Time: 8.2 ms
Time: 8.21 ms
Time: 8.22 ms
Time: 8.23 ms
Time: 8.24 ms
Time: 8.25 ms
Time: 8.26 ms
Time: 8.27 ms
Time: 8.28 ms
Time: 8.29 ms
Time: 8.3 ms
Time: 8.31 ms
Time: 8.32 ms
Time: 8.33 ms
Time: 8.34 ms
Time: 8.35 ms
Time: 8.36 ms
Time: 8.37 ms
Time: 8.38 ms
Time: 8.39 ms
Time: 8.4 ms
Time: 8.41 ms
Time: 8.42 ms
Time: 8.43 ms
Time: 8.44 ms
Time: 8.45 ms
Time: 8.46 ms
Time: 8.47 ms
Time: 8.48 ms
Time: 8.49 ms
Time: 8.5 ms
Time: 8.51 ms
Time: 8.52 ms
Time: 8.53 ms
Time: 8.54 ms
Time: 8.55 ms
Time: 8.56 ms
Time: 8.57 ms
Time: 8.58 ms
Time: 8.59 ms
Time: 8.6 ms
Time: 8.61 ms
Time: 8.62 ms
Time: 8.63 ms
Time: 8.64 ms
Time: 8.65 ms
Time: 8.66 ms
Time: 8.67 ms
Time: 8.68 ms
Time: 8.69 ms
Time: 8.7 ms
Time: 8.71 ms
Time: 8.72 ms
Time: 8.73 ms
Time: 8.74 ms
Time: 8.75 ms
Time: 8.76 ms
Time: 8.77 ms
Time: 8.78 ms
Time: 8.79 ms
Time: 8.8 ms
Time: 8.81 ms
Time: 8.82 ms
Time: 8.83 ms
Time: 8.84 ms
Time: 8.85 ms
Time: 8.86 ms
Time: 8.87 ms
Time: 8.88 ms
Time: 8.89 ms
Time: 8.9 ms
Time: 8.91 ms
Time: 8.92 ms
Time: 8.93 ms
Time: 8.94 ms
Time: 8.95 ms
Time: 8.96 ms
Time: 8.97 ms
Time: 8.98 ms
Time: 8.99 ms
Time: 9.0 ms
Time: 9.01 ms
Time: 9.02 ms
Time: 9.03 ms
Time: 9.04 ms
Time: 9.05 ms
Time: 9.06 ms
Time: 9.07 ms
Time: 9.08 ms
Time: 9.09 ms
Time: 9.1 ms
Time: 9.11 ms
Time: 9.12 ms
Time: 9.13 ms
Time: 9.14 ms
Time: 9.15 ms
Time: 9.16 ms
Time: 9.17 ms
Time: 9.18 ms
Time: 9.19 ms
Time: 9.2 ms
Time: 9.21 ms
Time: 9.22 ms
Time: 9.23 ms
Time: 9.24 ms
Time: 9.25 ms
Time: 9.26 ms
Time: 9.27 ms
Time: 9.28 ms
Time: 9.29 ms
Time: 9.3 ms
Time: 9.31 ms
Time: 9.32 ms
Time: 9.33 ms
Time: 9.34 ms
Time: 9.35 ms
Time: 9.36 ms
Time: 9.37 ms
Time: 9.38 ms
Time: 9.39 ms
Time: 9.4 ms
Time: 9.41 ms
Time: 9.42 ms
Time: 9.43 ms
Time: 9.44 ms
Time: 9.45 ms
Time: 9.46 ms
Time: 9.47 ms
Time: 9.48 ms
Time: 9.49 ms
Time: 9.5 ms
Time: 9.51 ms
Time: 9.52 ms
Time: 9.53 ms
Time: 9.54 ms
Time: 9.55 ms
Time: 9.56 ms
Time: 9.57 ms
Time: 9.58 ms
Time: 9.59 ms
Time: 9.6 ms
Time: 9.61 ms
Time: 9.62 ms
Time: 9.63 ms
Time: 9.64 ms
Time: 9.65 ms
Time: 9.66 ms
Time: 9.67 ms
Time: 9.68 ms
Time: 9.69 ms
Time: 9.7 ms
Time: 9.71 ms
Time: 9.72 ms
Time: 9.73 ms
Time: 9.74 ms
Time: 9.75 ms
Time: 9.76 ms
Time: 9.77 ms
Time: 9.78 ms
Time: 9.79 ms
Time: 9.8 ms
Time: 9.81 ms
Time: 9.82 ms
Time: 9.83 ms
Time: 9.84 ms
Time: 9.85 ms
Time: 9.86 ms
Time: 9.87 ms
Time: 9.88 ms
Time: 9.89 ms
Time: 9.9 ms
Time: 9.91 ms
Time: 9.92 ms
Time: 9.93 ms
Time: 9.94 ms
Time: 9.95 ms
Time: 9.96 ms
Time: 9.97 ms
Time: 9.98 ms
Time: 9.99 ms
h28is063:network Paul$ 
