h28is063:network Paul$ python network_wendling_opt.py 
Simulating 10.00 ms (1000 time points)
Initializing network...

Creating neurons...
Neurons: 541
Pyramidal: 250
Excitatory: 135
Slow inhibitory: 48
Fast inhibitory: 108
(Running time: 0.0018 seconds)

Generating random synaptic links...
Outbound connections:
Total: 81048
Pyramidal: 210 x 250 neurons
Excitatory: 108 x 135 neurons
Slow inhibitory: 48 x 48 neurons
Fast inhibitory: 108 x 108 neurons
(Running time: 20.6955 seconds)

Running simulation...
Time: 0.0 ms (Running time: 3.7228 seconds)
Time: 0.01 ms (Running time: 3.6470 seconds)
Time: 0.02 ms (Running time: 3.5498 seconds)
Time: 0.03 ms (Running time: 3.5434 seconds)
Time: 0.04 ms (Running time: 3.6016 seconds)
Time: 0.05 ms (Running time: 3.5403 seconds)
Time: 0.06 ms (Running time: 3.5251 seconds)
Time: 0.07 ms (Running time: 3.5635 seconds)
Time: 0.08 ms (Running time: 3.5175 seconds)
Time: 0.09 ms (Running time: 3.5422 seconds)
Time: 0.1 ms (Running time: 3.6047 seconds)
Time: 0.11 ms (Running time: 3.6006 seconds)
Time: 0.12 ms (Running time: 3.5833 seconds)
Time: 0.13 ms (Running time: 3.9391 seconds)
Time: 0.14 ms (Running time: 3.8162 seconds)
Time: 0.15 ms (Running time: 3.6834 seconds)
Time: 0.16 ms (Running time: 3.6526 seconds)
Time: 0.17 ms (Running time: 3.5387 seconds)
Time: 0.18 ms (Running time: 3.6025 seconds)
Time: 0.19 ms (Running time: 3.5917 seconds)
Time: 0.2 ms (Running time: 3.5938 seconds)
Time: 0.21 ms (Running time: 3.6214 seconds)
Time: 0.22 ms (Running time: 3.4841 seconds)
Time: 0.23 ms (Running time: 3.5037 seconds)
Time: 0.24 ms (Running time: 3.4442 seconds)
Time: 0.25 ms (Running time: 3.5028 seconds)
Time: 0.26 ms (Running time: 3.5642 seconds)
Time: 0.27 ms (Running time: 3.5161 seconds)
Time: 0.28 ms (Running time: 3.5680 seconds)
Time: 0.29 ms (Running time: 3.7174 seconds)
Time: 0.3 ms (Running time: 3.6190 seconds)
Time: 0.31 ms (Running time: 3.5951 seconds)
Time: 0.32 ms (Running time: 3.7356 seconds)
Time: 0.33 ms (Running time: 3.6920 seconds)
Time: 0.34 ms (Running time: 3.5978 seconds)
Time: 0.35 ms (Running time: 3.4957 seconds)
Time: 0.36 ms (Running time: 3.5981 seconds)
Time: 0.37 ms (Running time: 3.5142 seconds)
Time: 0.38 ms (Running time: 3.6320 seconds)
Time: 0.39 ms (Running time: 3.7013 seconds)
Time: 0.4 ms (Running time: 3.5201 seconds)
Time: 0.41 ms (Running time: 3.5163 seconds)
Time: 0.42 ms (Running time: 3.4432 seconds)
Time: 0.43 ms (Running time: 3.4968 seconds)
Time: 0.44 ms (Running time: 3.5281 seconds)
Time: 0.45 ms (Running time: 3.5646 seconds)
Time: 0.46 ms (Running time: 3.5035 seconds)
Time: 0.47 ms (Running time: 3.5548 seconds)
Time: 0.48 ms (Running time: 3.6747 seconds)
Time: 0.49 ms (Running time: 3.5381 seconds)
Time: 0.5 ms (Running time: 3.5192 seconds)
Time: 0.51 ms (Running time: 3.5657 seconds)
Time: 0.52 ms (Running time: 3.4541 seconds)
Time: 0.53 ms (Running time: 3.5269 seconds)
Time: 0.54 ms (Running time: 3.5947 seconds)
Time: 0.55 ms (Running time: 3.5668 seconds)
Time: 0.56 ms (Running time: 3.5684 seconds)
Time: 0.57 ms (Running time: 3.5505 seconds)
Time: 0.58 ms (Running time: 3.6669 seconds)
Time: 0.59 ms (Running time: 3.5398 seconds)
Time: 0.6 ms (Running time: 3.5566 seconds)
Time: 0.61 ms (Running time: 3.5392 seconds)
Time: 0.62 ms (Running time: 3.4649 seconds)
Time: 0.63 ms (Running time: 3.5627 seconds)
Time: 0.64 ms (Running time: 3.5885 seconds)
Time: 0.65 ms (Running time: 3.5070 seconds)
Time: 0.66 ms (Running time: 3.4877 seconds)
Time: 0.67 ms (Running time: 3.6014 seconds)
Time: 0.68 ms (Running time: 3.5454 seconds)
Time: 0.69 ms (Running time: 3.6138 seconds)
Time: 0.7 ms (Running time: 3.5260 seconds)
Time: 0.71 ms (Running time: 3.5178 seconds)
Time: 0.72 ms (Running time: 3.5538 seconds)
Time: 0.73 ms (Running time: 3.5555 seconds)
Time: 0.74 ms (Running time: 3.4789 seconds)
Time: 0.75 ms (Running time: 3.4837 seconds)
Time: 0.76 ms (Running time: 3.5051 seconds)
Time: 0.77 ms (Running time: 3.5455 seconds)
Time: 0.78 ms (Running time: 3.5308 seconds)
Time: 0.79 ms (Running time: 3.4874 seconds)
Time: 0.8 ms (Running time: 3.5721 seconds)
Time: 0.81 ms (Running time: 3.5739 seconds)
Time: 0.82 ms (Running time: 3.5187 seconds)
Time: 0.83 ms (Running time: 3.6382 seconds)
Time: 0.84 ms (Running time: 3.4644 seconds)
Time: 0.85 ms (Running time: 3.5128 seconds)
Time: 0.86 ms (Running time: 3.5278 seconds)
Time: 0.87 ms (Running time: 3.6157 seconds)
Time: 0.88 ms (Running time: 3.5188 seconds)
Time: 0.89 ms (Running time: 3.6842 seconds)
Time: 0.9 ms (Running time: 3.5160 seconds)
Time: 0.91 ms (Running time: 3.5020 seconds)
Time: 0.92 ms (Running time: 3.5140 seconds)
Time: 0.93 ms (Running time: 3.5499 seconds)
Time: 0.94 ms (Running time: 3.5607 seconds)
Time: 0.95 ms (Running time: 3.5116 seconds)
Time: 0.96 ms (Running time: 3.7769 seconds)
Time: 0.97 ms (Running time: 3.5602 seconds)
Time: 0.98 ms (Running time: 3.6438 seconds)
Time: 0.99 ms (Running time: 3.6203 seconds)
Time: 1.0 ms (Running time: 3.5615 seconds)
Time: 1.01 ms (Running time: 3.5015 seconds)
Time: 1.02 ms (Running time: 3.5639 seconds)
Time: 1.03 ms (Running time: 3.6629 seconds)
Time: 1.04 ms (Running time: 3.5300 seconds)
Time: 1.05 ms (Running time: 3.5396 seconds)
Time: 1.06 ms (Running time: 3.7047 seconds)
Time: 1.07 ms (Running time: 3.6127 seconds)
Time: 1.08 ms (Running time: 3.5970 seconds)
Time: 1.09 ms (Running time: 3.6046 seconds)
Time: 1.1 ms (Running time: 3.4942 seconds)
Time: 1.11 ms (Running time: 3.5672 seconds)
Time: 1.12 ms (Running time: 3.5462 seconds)
Time: 1.13 ms (Running time: 3.6195 seconds)
Time: 1.14 ms (Running time: 3.5656 seconds)
Time: 1.15 ms (Running time: 3.5940 seconds)
Time: 1.16 ms (Running time: 3.6961 seconds)
Time: 1.17 ms (Running time: 3.5807 seconds)
Time: 1.18 ms (Running time: 3.5980 seconds)
Time: 1.19 ms (Running time: 3.5730 seconds)
Time: 1.2 ms (Running time: 3.5526 seconds)
Time: 1.21 ms (Running time: 3.5174 seconds)
Time: 1.22 ms (Running time: 3.6081 seconds)
Time: 1.23 ms (Running time: 3.5604 seconds)
Time: 1.24 ms (Running time: 3.6217 seconds)
Time: 1.25 ms (Running time: 3.6975 seconds)
Time: 1.26 ms (Running time: 3.8566 seconds)
Time: 1.27 ms (Running time: 3.5292 seconds)
Time: 1.28 ms (Running time: 3.5842 seconds)
Time: 1.29 ms (Running time: 5.7013 seconds)
Time: 1.3 ms (Running time: 3.7663 seconds)
Time: 1.31 ms (Running time: 3.6534 seconds)
Time: 1.32 ms (Running time: 3.5746 seconds)
Time: 1.33 ms (Running time: 3.6343 seconds)
Time: 1.34 ms (Running time: 3.5631 seconds)
Time: 1.35 ms (Running time: 3.5598 seconds)
Time: 1.36 ms (Running time: 3.6142 seconds)
Time: 1.37 ms (Running time: 3.5129 seconds)
Time: 1.38 ms (Running time: 3.5066 seconds)
Time: 1.39 ms (Running time: 3.5487 seconds)
Time: 1.4 ms (Running time: 3.5354 seconds)
Time: 1.41 ms (Running time: 3.5226 seconds)
Time: 1.42 ms (Running time: 3.5578 seconds)
Time: 1.43 ms (Running time: 3.6320 seconds)
Time: 1.44 ms (Running time: 3.8450 seconds)
Time: 1.45 ms (Running time: 3.8731 seconds)
Time: 1.46 ms (Running time: 3.6866 seconds)
Time: 1.47 ms (Running time: 3.6019 seconds)
Time: 1.48 ms (Running time: 3.7699 seconds)
Time: 1.49 ms (Running time: 3.6269 seconds)
Time: 1.5 ms (Running time: 3.6107 seconds)
Time: 1.51 ms (Running time: 3.5828 seconds)
Time: 1.52 ms (Running time: 3.6461 seconds)
Time: 1.53 ms (Running time: 3.6152 seconds)
Time: 1.54 ms (Running time: 3.5744 seconds)
Time: 1.55 ms (Running time: 3.6156 seconds)
Time: 1.56 ms (Running time: 3.5815 seconds)
Time: 1.57 ms (Running time: 3.5713 seconds)
Time: 1.58 ms (Running time: 3.5758 seconds)
Time: 1.59 ms (Running time: 3.5681 seconds)
Time: 1.6 ms (Running time: 3.6003 seconds)
Time: 1.61 ms (Running time: 3.6753 seconds)
Time: 1.62 ms (Running time: 3.6504 seconds)
Time: 1.63 ms (Running time: 3.7932 seconds)
Time: 1.64 ms (Running time: 3.7416 seconds)
Time: 1.65 ms (Running time: 3.9846 seconds)
Time: 1.66 ms (Running time: 3.7142 seconds)
Time: 1.67 ms (Running time: 3.6385 seconds)
Time: 1.68 ms (Running time: 3.5785 seconds)
Time: 1.69 ms (Running time: 3.5542 seconds)
Time: 1.7 ms (Running time: 3.5365 seconds)
Time: 1.71 ms (Running time: 3.6231 seconds)
Time: 1.72 ms (Running time: 3.5449 seconds)
Time: 1.73 ms (Running time: 3.5441 seconds)
Time: 1.74 ms (Running time: 3.5804 seconds)
Time: 1.75 ms (Running time: 3.5718 seconds)
Time: 1.76 ms (Running time: 3.5721 seconds)
Time: 1.77 ms (Running time: 3.7118 seconds)
Time: 1.78 ms (Running time: 3.8030 seconds)
Time: 1.79 ms (Running time: 3.5474 seconds)
Time: 1.8 ms (Running time: 3.4835 seconds)
Time: 1.81 ms (Running time: 3.5364 seconds)
Time: 1.82 ms (Running time: 3.5257 seconds)
Time: 1.83 ms (Running time: 3.4643 seconds)
Time: 1.84 ms (Running time: 3.5107 seconds)
Time: 1.85 ms (Running time: 3.4747 seconds)
Time: 1.86 ms (Running time: 3.5531 seconds)
Time: 1.87 ms (Running time: 3.5129 seconds)
Time: 1.88 ms (Running time: 3.5124 seconds)
Time: 1.89 ms (Running time: 3.4908 seconds)
Time: 1.9 ms (Running time: 3.4264 seconds)
Time: 1.91 ms (Running time: 3.7024 seconds)
Time: 1.92 ms (Running time: 3.7539 seconds)
Time: 1.93 ms (Running time: 3.5726 seconds)
Time: 1.94 ms (Running time: 3.6488 seconds)
Time: 1.95 ms (Running time: 3.6143 seconds)
Time: 1.96 ms (Running time: 3.6903 seconds)
Time: 1.97 ms (Running time: 3.5641 seconds)
Time: 1.98 ms (Running time: 3.4909 seconds)
Time: 1.99 ms (Running time: 3.5223 seconds)
Time: 2.0 ms (Running time: 3.4617 seconds)
Time: 2.01 ms (Running time: 3.5198 seconds)
Time: 2.02 ms (Running time: 3.6182 seconds)
Time: 2.03 ms (Running time: 3.5211 seconds)
Time: 2.04 ms (Running time: 3.5327 seconds)
Time: 2.05 ms (Running time: 3.6036 seconds)
Time: 2.06 ms (Running time: 3.5276 seconds)
Time: 2.07 ms (Running time: 3.5171 seconds)
Time: 2.08 ms (Running time: 3.5392 seconds)
Time: 2.09 ms (Running time: 3.4977 seconds)
Time: 2.1 ms (Running time: 3.5177 seconds)
Time: 2.11 ms (Running time: 3.5465 seconds)
Time: 2.12 ms (Running time: 3.5645 seconds)
Time: 2.13 ms (Running time: 3.5762 seconds)
Time: 2.14 ms (Running time: 3.5442 seconds)
Time: 2.15 ms (Running time: 3.5022 seconds)
Time: 2.16 ms (Running time: 3.5600 seconds)
Time: 2.17 ms (Running time: 3.4390 seconds)
Time: 2.18 ms (Running time: 3.4976 seconds)
Time: 2.19 ms (Running time: 3.4921 seconds)
Time: 2.2 ms (Running time: 3.5457 seconds)
Time: 2.21 ms (Running time: 3.5992 seconds)
Time: 2.22 ms (Running time: 3.5279 seconds)
Time: 2.23 ms (Running time: 3.5209 seconds)
Time: 2.24 ms (Running time: 3.5168 seconds)
Time: 2.25 ms (Running time: 3.5076 seconds)
Time: 2.26 ms (Running time: 3.5250 seconds)
Time: 2.27 ms (Running time: 3.5146 seconds)
Time: 2.28 ms (Running time: 3.5675 seconds)
Time: 2.29 ms (Running time: 3.4992 seconds)
Time: 2.3 ms (Running time: 3.5383 seconds)
Time: 2.31 ms (Running time: 3.5150 seconds)
Time: 2.32 ms (Running time: 3.5511 seconds)
Time: 2.33 ms (Running time: 3.5488 seconds)
Time: 2.34 ms (Running time: 3.5836 seconds)
Time: 2.35 ms (Running time: 3.5243 seconds)
Time: 2.36 ms (Running time: 3.5675 seconds)
Time: 2.37 ms (Running time: 3.7574 seconds)
Time: 2.38 ms (Running time: 3.6849 seconds)
Time: 2.39 ms (Running time: 3.5879 seconds)
Time: 2.4 ms (Running time: 3.6472 seconds)
Time: 2.41 ms (Running time: 3.6354 seconds)
Time: 2.42 ms (Running time: 3.6336 seconds)
Time: 2.43 ms (Running time: 3.5035 seconds)
Time: 2.44 ms (Running time: 3.5216 seconds)
Time: 2.45 ms (Running time: 3.5963 seconds)
Time: 2.46 ms (Running time: 3.5056 seconds)
Time: 2.47 ms (Running time: 3.6307 seconds)
Time: 2.48 ms (Running time: 3.5989 seconds)
Time: 2.49 ms (Running time: 3.5405 seconds)
Time: 2.5 ms (Running time: 3.4894 seconds)
Time: 2.51 ms (Running time: 3.4840 seconds)
Time: 2.52 ms (Running time: 3.4481 seconds)
Time: 2.53 ms (Running time: 3.4692 seconds)
Time: 2.54 ms (Running time: 3.4305 seconds)
Time: 2.55 ms (Running time: 3.5152 seconds)
Time: 2.56 ms (Running time: 3.4913 seconds)
Time: 2.57 ms (Running time: 3.4450 seconds)
Time: 2.58 ms (Running time: 3.4672 seconds)
Time: 2.59 ms (Running time: 3.4171 seconds)
Time: 2.6 ms (Running time: 3.4425 seconds)
Time: 2.61 ms (Running time: 3.4156 seconds)
Time: 2.62 ms (Running time: 3.4797 seconds)
Time: 2.63 ms (Running time: 3.4651 seconds)
Time: 2.64 ms (Running time: 3.4759 seconds)
Time: 2.65 ms (Running time: 3.5138 seconds)
Time: 2.66 ms (Running time: 3.5050 seconds)
Time: 2.67 ms (Running time: 3.4293 seconds)
Time: 2.68 ms (Running time: 3.4602 seconds)
Time: 2.69 ms (Running time: 3.4319 seconds)
Time: 2.7 ms (Running time: 3.5419 seconds)
Time: 2.71 ms (Running time: 3.4767 seconds)
Time: 2.72 ms (Running time: 3.5127 seconds)
Time: 2.73 ms (Running time: 3.4808 seconds)
Time: 2.74 ms (Running time: 3.4409 seconds)
Time: 2.75 ms (Running time: 3.4907 seconds)
Time: 2.76 ms (Running time: 3.4094 seconds)
Time: 2.77 ms (Running time: 3.4530 seconds)
Time: 2.78 ms (Running time: 3.4829 seconds)
Time: 2.79 ms (Running time: 3.4359 seconds)
Time: 2.8 ms (Running time: 3.4637 seconds)
Time: 2.81 ms (Running time: 3.4240 seconds)
Time: 2.82 ms (Running time: 3.5075 seconds)
Time: 2.83 ms (Running time: 3.4362 seconds)
Time: 2.84 ms (Running time: 3.4335 seconds)
Time: 2.85 ms (Running time: 3.4203 seconds)
Time: 2.86 ms (Running time: 3.4880 seconds)
Time: 2.87 ms (Running time: 3.4131 seconds)
Time: 2.88 ms (Running time: 3.4723 seconds)
Time: 2.89 ms (Running time: 3.4841 seconds)
Time: 2.9 ms (Running time: 3.4908 seconds)
Time: 2.91 ms (Running time: 3.7490 seconds)
Time: 2.92 ms (Running time: 3.8277 seconds)
Time: 2.93 ms (Running time: 3.6034 seconds)
Time: 2.94 ms (Running time: 3.5492 seconds)
Time: 2.95 ms (Running time: 3.5216 seconds)
Time: 2.96 ms (Running time: 3.7185 seconds)
Time: 2.97 ms (Running time: 3.5360 seconds)
Time: 2.98 ms (Running time: 3.5479 seconds)
Time: 2.99 ms (Running time: 3.5113 seconds)
Time: 3.0 ms (Running time: 3.5038 seconds)
Time: 3.01 ms (Running time: 3.4530 seconds)
Time: 3.02 ms (Running time: 3.4940 seconds)
Time: 3.03 ms (Running time: 3.4285 seconds)
Time: 3.04 ms (Running time: 3.4444 seconds)
Time: 3.05 ms (Running time: 3.4851 seconds)
Time: 3.06 ms (Running time: 3.4567 seconds)
Time: 3.07 ms (Running time: 3.5172 seconds)
Time: 3.08 ms (Running time: 3.5513 seconds)
Time: 3.09 ms (Running time: 3.4994 seconds)
Time: 3.1 ms (Running time: 3.5732 seconds)
Time: 3.11 ms (Running time: 3.4627 seconds)
Time: 3.12 ms (Running time: 3.4602 seconds)
Time: 3.13 ms (Running time: 3.4564 seconds)
Time: 3.14 ms (Running time: 3.4571 seconds)
Time: 3.15 ms (Running time: 3.4055 seconds)
Time: 3.16 ms (Running time: 3.4898 seconds)
Time: 3.17 ms (Running time: 3.4735 seconds)
Time: 3.18 ms (Running time: 3.4804 seconds)
Time: 3.19 ms (Running time: 3.4732 seconds)
Time: 3.2 ms (Running time: 3.5166 seconds)
Time: 3.21 ms (Running time: 3.4472 seconds)
Time: 3.22 ms (Running time: 3.4796 seconds)
Time: 3.23 ms (Running time: 3.4380 seconds)
Time: 3.24 ms (Running time: 3.5051 seconds)
Time: 3.25 ms (Running time: 3.4542 seconds)
Time: 3.26 ms (Running time: 3.4969 seconds)
Time: 3.27 ms (Running time: 3.4656 seconds)
Time: 3.28 ms (Running time: 3.4420 seconds)
Time: 3.29 ms (Running time: 3.4781 seconds)
Time: 3.3 ms (Running time: 3.4379 seconds)
Time: 3.31 ms (Running time: 3.4479 seconds)
Time: 3.32 ms (Running time: 3.4495 seconds)
Time: 3.33 ms (Running time: 3.5022 seconds)
Time: 3.34 ms (Running time: 3.5177 seconds)
Time: 3.35 ms (Running time: 3.5039 seconds)
Time: 3.36 ms (Running time: 3.5070 seconds)
Time: 3.37 ms (Running time: 3.4908 seconds)
Time: 3.38 ms (Running time: 3.5013 seconds)
Time: 3.39 ms (Running time: 3.4845 seconds)
Time: 3.4 ms (Running time: 3.4330 seconds)
Time: 3.41 ms (Running time: 3.4682 seconds)
Time: 3.42 ms (Running time: 3.4855 seconds)
Time: 3.43 ms (Running time: 3.5341 seconds)
Time: 3.44 ms (Running time: 3.5379 seconds)
Time: 3.45 ms (Running time: 3.4900 seconds)
Time: 3.46 ms (Running time: 3.5058 seconds)
Time: 3.47 ms (Running time: 3.4407 seconds)
Time: 3.48 ms (Running time: 3.5314 seconds)
Time: 3.49 ms (Running time: 3.4283 seconds)
Time: 3.5 ms (Running time: 3.4756 seconds)
Time: 3.51 ms (Running time: 3.4953 seconds)
Time: 3.52 ms (Running time: 3.4743 seconds)
Time: 3.53 ms (Running time: 3.5285 seconds)
Time: 3.54 ms (Running time: 3.5442 seconds)
Time: 3.55 ms (Running time: 3.4720 seconds)
Time: 3.56 ms (Running time: 3.4759 seconds)
Time: 3.57 ms (Running time: 3.3949 seconds)
Time: 3.58 ms (Running time: 3.4936 seconds)
Time: 3.59 ms (Running time: 3.4634 seconds)
Time: 3.6 ms (Running time: 3.4934 seconds)
Time: 3.61 ms (Running time: 3.6784 seconds)
Time: 3.62 ms (Running time: 3.5056 seconds)
Time: 3.63 ms (Running time: 3.5025 seconds)
Time: 3.64 ms (Running time: 3.5165 seconds)
Time: 3.65 ms (Running time: 3.5072 seconds)
Time: 3.66 ms (Running time: 3.4528 seconds)
Time: 3.67 ms (Running time: 3.4364 seconds)
Time: 3.68 ms (Running time: 3.4120 seconds)
Time: 3.69 ms (Running time: 3.4887 seconds)
Time: 3.7 ms (Running time: 3.5075 seconds)
Time: 3.71 ms (Running time: 3.4883 seconds)
Time: 3.72 ms (Running time: 3.5360 seconds)
Time: 3.73 ms (Running time: 3.4415 seconds)
Time: 3.74 ms (Running time: 3.5149 seconds)
Time: 3.75 ms (Running time: 3.4423 seconds)
Time: 3.76 ms (Running time: 3.5034 seconds)
Time: 3.77 ms (Running time: 3.5083 seconds)
Time: 3.78 ms (Running time: 3.4730 seconds)
Time: 3.79 ms (Running time: 3.4592 seconds)
Time: 3.8 ms (Running time: 3.4862 seconds)
Time: 3.81 ms (Running time: 3.4625 seconds)
Time: 3.82 ms (Running time: 3.4766 seconds)
Time: 3.83 ms (Running time: 3.4772 seconds)
Time: 3.84 ms (Running time: 3.5245 seconds)
Time: 3.85 ms (Running time: 3.4932 seconds)
Time: 3.86 ms (Running time: 3.4794 seconds)
Time: 3.87 ms (Running time: 3.5081 seconds)
Time: 3.88 ms (Running time: 3.4923 seconds)
Time: 3.89 ms (Running time: 3.4580 seconds)
Time: 3.9 ms (Running time: 3.5274 seconds)
Time: 3.91 ms (Running time: 3.4595 seconds)
Time: 3.92 ms (Running time: 3.4437 seconds)
Time: 3.93 ms (Running time: 3.4930 seconds)
Time: 3.94 ms (Running time: 3.4154 seconds)
Time: 3.95 ms (Running time: 3.4403 seconds)
Time: 3.96 ms (Running time: 3.6702 seconds)
Time: 3.97 ms (Running time: 3.4317 seconds)
Time: 3.98 ms (Running time: 3.4471 seconds)
Time: 3.99 ms (Running time: 3.5152 seconds)
Time: 4.0 ms (Running time: 3.5584 seconds)
Time: 4.01 ms (Running time: 3.5424 seconds)
Time: 4.02 ms (Running time: 3.4704 seconds)
Time: 4.03 ms (Running time: 3.4537 seconds)
Time: 4.04 ms (Running time: 3.4931 seconds)
Time: 4.05 ms (Running time: 3.4288 seconds)
Time: 4.06 ms (Running time: 3.5250 seconds)
Time: 4.07 ms (Running time: 3.4930 seconds)
Time: 4.08 ms (Running time: 3.5139 seconds)
Time: 4.09 ms (Running time: 3.4805 seconds)
Time: 4.1 ms (Running time: 3.5108 seconds)
Time: 4.11 ms (Running time: 3.4496 seconds)
Time: 4.12 ms (Running time: 3.5394 seconds)
Time: 4.13 ms (Running time: 3.4569 seconds)
Time: 4.14 ms (Running time: 3.4506 seconds)
Time: 4.15 ms (Running time: 3.5490 seconds)
Time: 4.16 ms (Running time: 3.4694 seconds)
Time: 4.17 ms (Running time: 3.4524 seconds)
Time: 4.18 ms (Running time: 3.5394 seconds)
Time: 4.19 ms (Running time: 3.4351 seconds)
Time: 4.2 ms (Running time: 3.4543 seconds)
Time: 4.21 ms (Running time: 3.4958 seconds)
Time: 4.22 ms (Running time: 3.5205 seconds)
Time: 4.23 ms (Running time: 3.4807 seconds)
Time: 4.24 ms (Running time: 3.4576 seconds)
Time: 4.25 ms (Running time: 3.5423 seconds)
Time: 4.26 ms (Running time: 3.5300 seconds)
Time: 4.27 ms (Running time: 3.4229 seconds)
Time: 4.28 ms (Running time: 3.5949 seconds)
Time: 4.29 ms (Running time: 3.8267 seconds)
Time: 4.3 ms (Running time: 3.6963 seconds)
Time: 4.31 ms (Running time: 3.4500 seconds)
Time: 4.32 ms (Running time: 3.5121 seconds)
Time: 4.33 ms (Running time: 3.4800 seconds)
Time: 4.34 ms (Running time: 3.4814 seconds)
Time: 4.35 ms (Running time: 3.5382 seconds)
Time: 4.36 ms (Running time: 3.5111 seconds)
Time: 4.37 ms (Running time: 3.4853 seconds)
Time: 4.38 ms (Running time: 3.4996 seconds)
Time: 4.39 ms (Running time: 3.4953 seconds)
Time: 4.4 ms (Running time: 3.4649 seconds)
Time: 4.41 ms (Running time: 3.4840 seconds)
Time: 4.42 ms (Running time: 3.5843 seconds)
Time: 4.43 ms (Running time: 3.4784 seconds)
Time: 4.44 ms (Running time: 3.4887 seconds)
Time: 4.45 ms (Running time: 3.5247 seconds)
Time: 4.46 ms (Running time: 3.5259 seconds)
Time: 4.47 ms (Running time: 3.4203 seconds)
Time: 4.48 ms (Running time: 3.4809 seconds)
Time: 4.49 ms (Running time: 3.4910 seconds)
Time: 4.5 ms (Running time: 3.4153 seconds)
Time: 4.51 ms (Running time: 3.4843 seconds)
Time: 4.52 ms (Running time: 3.4536 seconds)
Time: 4.53 ms (Running time: 3.4753 seconds)
Time: 4.54 ms (Running time: 3.4576 seconds)
Time: 4.55 ms (Running time: 3.4633 seconds)
Time: 4.56 ms (Running time: 3.4660 seconds)
Time: 4.57 ms (Running time: 3.4627 seconds)
Time: 4.58 ms (Running time: 3.4477 seconds)
Time: 4.59 ms (Running time: 3.4253 seconds)
Time: 4.6 ms (Running time: 3.4528 seconds)
Time: 4.61 ms (Running time: 3.5334 seconds)
Time: 4.62 ms (Running time: 3.4846 seconds)
Time: 4.63 ms (Running time: 3.5229 seconds)
Time: 4.64 ms (Running time: 3.5197 seconds)
Time: 4.65 ms (Running time: 3.4392 seconds)
Time: 4.66 ms (Running time: 3.4780 seconds)
Time: 4.67 ms (Running time: 3.4774 seconds)
Time: 4.68 ms (Running time: 3.4756 seconds)
Time: 4.69 ms (Running time: 3.4311 seconds)
Time: 4.7 ms (Running time: 3.4840 seconds)
Time: 4.71 ms (Running time: 3.4869 seconds)
Time: 4.72 ms (Running time: 3.4951 seconds)
Time: 4.73 ms (Running time: 3.5008 seconds)
Time: 4.74 ms (Running time: 3.4450 seconds)
Time: 4.75 ms (Running time: 3.4962 seconds)
Time: 4.76 ms (Running time: 3.4280 seconds)
Time: 4.77 ms (Running time: 3.4088 seconds)
Time: 4.78 ms (Running time: 3.4370 seconds)
Time: 4.79 ms (Running time: 3.4796 seconds)
Time: 4.8 ms (Running time: 3.5019 seconds)
Time: 4.81 ms (Running time: 3.4420 seconds)
Time: 4.82 ms (Running time: 3.5157 seconds)
Time: 4.83 ms (Running time: 3.4517 seconds)
Time: 4.84 ms (Running time: 3.4148 seconds)
Time: 4.85 ms (Running time: 3.4504 seconds)
Time: 4.86 ms (Running time: 3.4486 seconds)
Time: 4.87 ms (Running time: 3.4420 seconds)
Time: 4.88 ms (Running time: 3.4326 seconds)
Time: 4.89 ms (Running time: 3.5016 seconds)
Time: 4.9 ms (Running time: 3.4929 seconds)
Time: 4.91 ms (Running time: 3.4523 seconds)
Time: 4.92 ms (Running time: 3.4486 seconds)
Time: 4.93 ms (Running time: 3.4757 seconds)
Time: 4.94 ms (Running time: 3.4288 seconds)
Time: 4.95 ms (Running time: 3.4911 seconds)
Time: 4.96 ms (Running time: 3.6225 seconds)
Time: 4.97 ms (Running time: 3.4893 seconds)
Time: 4.98 ms (Running time: 3.4571 seconds)
Time: 4.99 ms (Running time: 3.4737 seconds)
Time: 5.0 ms (Running time: 3.4638 seconds)
Time: 5.01 ms (Running time: 3.4527 seconds)
Time: 5.02 ms (Running time: 3.4776 seconds)
Time: 5.03 ms (Running time: 3.4627 seconds)
Time: 5.04 ms (Running time: 3.4436 seconds)
Time: 5.05 ms (Running time: 3.4945 seconds)
Time: 5.06 ms (Running time: 3.5025 seconds)
Time: 5.07 ms (Running time: 3.5002 seconds)
Time: 5.08 ms (Running time: 3.4727 seconds)
Time: 5.09 ms (Running time: 3.4280 seconds)
Time: 5.1 ms (Running time: 3.4019 seconds)
Time: 5.11 ms (Running time: 3.7428 seconds)
Time: 5.12 ms (Running time: 3.7142 seconds)
Time: 5.13 ms (Running time: 3.4734 seconds)
Time: 5.14 ms (Running time: 3.5613 seconds)
Time: 5.15 ms (Running time: 3.5201 seconds)
Time: 5.16 ms (Running time: 3.5674 seconds)
Time: 5.17 ms (Running time: 3.5067 seconds)
Time: 5.18 ms (Running time: 3.5606 seconds)
Time: 5.19 ms (Running time: 3.4712 seconds)
Time: 5.2 ms (Running time: 3.5438 seconds)
Time: 5.21 ms (Running time: 3.4900 seconds)
Time: 5.22 ms (Running time: 3.5439 seconds)
Time: 5.23 ms (Running time: 3.4457 seconds)
Time: 5.24 ms (Running time: 3.5369 seconds)
Time: 5.25 ms (Running time: 3.5177 seconds)
Time: 5.26 ms (Running time: 3.4612 seconds)
Time: 5.27 ms (Running time: 3.4447 seconds)
Time: 5.28 ms (Running time: 3.4521 seconds)
Time: 5.29 ms (Running time: 3.4126 seconds)
Time: 5.3 ms (Running time: 3.4040 seconds)
Time: 5.31 ms (Running time: 3.4554 seconds)
Time: 5.32 ms (Running time: 3.5446 seconds)
Time: 5.33 ms (Running time: 3.4816 seconds)
Time: 5.34 ms (Running time: 3.4821 seconds)
Time: 5.35 ms (Running time: 3.4583 seconds)
Time: 5.36 ms (Running time: 3.4668 seconds)
Time: 5.37 ms (Running time: 3.3883 seconds)
Time: 5.38 ms (Running time: 3.4231 seconds)
Time: 5.39 ms (Running time: 3.3803 seconds)
Time: 5.4 ms (Running time: 3.4288 seconds)
Time: 5.41 ms (Running time: 3.4618 seconds)
Time: 5.42 ms (Running time: 3.4539 seconds)
Time: 5.43 ms (Running time: 3.4583 seconds)
Time: 5.44 ms (Running time: 3.4395 seconds)
Time: 5.45 ms (Running time: 3.4982 seconds)
Time: 5.46 ms (Running time: 3.4866 seconds)
Time: 5.47 ms (Running time: 3.4748 seconds)
Time: 5.48 ms (Running time: 3.4642 seconds)
Time: 5.49 ms (Running time: 3.4809 seconds)
Time: 5.5 ms (Running time: 3.4420 seconds)
Time: 5.51 ms (Running time: 3.4533 seconds)
Time: 5.52 ms (Running time: 3.4528 seconds)
Time: 5.53 ms (Running time: 3.4954 seconds)
Time: 5.54 ms (Running time: 3.4832 seconds)
Time: 5.55 ms (Running time: 3.4529 seconds)
Time: 5.56 ms (Running time: 3.4244 seconds)
Time: 5.57 ms (Running time: 3.4657 seconds)
Time: 5.58 ms (Running time: 3.4645 seconds)
Time: 5.59 ms (Running time: 3.4577 seconds)
Time: 5.6 ms (Running time: 3.5078 seconds)
Time: 5.61 ms (Running time: 3.4784 seconds)
Time: 5.62 ms (Running time: 3.5254 seconds)
Time: 5.63 ms (Running time: 3.4666 seconds)
Time: 5.64 ms (Running time: 3.4042 seconds)
Time: 5.65 ms (Running time: 3.4424 seconds)
Time: 5.66 ms (Running time: 3.4386 seconds)
Time: 5.67 ms (Running time: 3.4252 seconds)
Time: 5.68 ms (Running time: 3.4643 seconds)
Time: 5.69 ms (Running time: 3.4336 seconds)
Time: 5.7 ms (Running time: 3.4690 seconds)
Time: 5.71 ms (Running time: 3.4180 seconds)
Time: 5.72 ms (Running time: 3.4816 seconds)
Time: 5.73 ms (Running time: 3.4168 seconds)
Time: 5.74 ms (Running time: 3.4347 seconds)
Time: 5.75 ms (Running time: 3.4827 seconds)
Time: 5.76 ms (Running time: 3.3996 seconds)
Time: 5.77 ms (Running time: 3.5015 seconds)
Time: 5.78 ms (Running time: 3.4758 seconds)
Time: 5.79 ms (Running time: 3.5056 seconds)
Time: 5.8 ms (Running time: 3.5215 seconds)
Time: 5.81 ms (Running time: 3.4864 seconds)
Time: 5.82 ms (Running time: 3.5051 seconds)
Time: 5.83 ms (Running time: 3.4900 seconds)
Time: 5.84 ms (Running time: 3.4524 seconds)
Time: 5.85 ms (Running time: 3.4763 seconds)
Time: 5.86 ms (Running time: 3.4092 seconds)
Time: 5.87 ms (Running time: 3.3084 seconds)
Time: 5.88 ms (Running time: 3.3421 seconds)
Time: 5.89 ms (Running time: 3.3132 seconds)
Time: 5.9 ms (Running time: 3.3911 seconds)
Time: 5.91 ms (Running time: 3.3126 seconds)
Time: 5.92 ms (Running time: 3.3456 seconds)
Time: 5.93 ms (Running time: 3.2963 seconds)
Time: 5.94 ms (Running time: 3.2947 seconds)
Time: 5.95 ms (Running time: 3.2758 seconds)
Time: 5.96 ms (Running time: 3.6220 seconds)
Time: 5.97 ms (Running time: 3.3991 seconds)
Time: 5.98 ms (Running time: 3.2968 seconds)
Time: 5.99 ms (Running time: 3.2603 seconds)
Time: 6.0 ms (Running time: 3.2623 seconds)
Time: 6.01 ms (Running time: 3.3133 seconds)
Time: 6.02 ms (Running time: 3.3160 seconds)
Time: 6.03 ms (Running time: 3.2135 seconds)
Time: 6.04 ms (Running time: 3.3094 seconds)
Time: 6.05 ms (Running time: 3.2776 seconds)
Time: 6.06 ms (Running time: 3.2673 seconds)
Time: 6.07 ms (Running time: 3.3703 seconds)
Time: 6.08 ms (Running time: 3.2971 seconds)
Time: 6.09 ms (Running time: 3.3019 seconds)
Time: 6.1 ms (Running time: 3.3086 seconds)
Time: 6.11 ms (Running time: 3.2556 seconds)
Time: 6.12 ms (Running time: 3.2998 seconds)
Time: 6.13 ms (Running time: 3.2769 seconds)
Time: 6.14 ms (Running time: 3.3878 seconds)
Time: 6.15 ms (Running time: 3.2806 seconds)
Time: 6.16 ms (Running time: 3.3270 seconds)
Time: 6.17 ms (Running time: 3.2981 seconds)
Time: 6.18 ms (Running time: 3.2905 seconds)
Time: 6.19 ms (Running time: 3.3292 seconds)
Time: 6.2 ms (Running time: 3.3089 seconds)
Time: 6.21 ms (Running time: 3.2846 seconds)
Time: 6.22 ms (Running time: 3.2774 seconds)
Time: 6.23 ms (Running time: 3.2522 seconds)
Time: 6.24 ms (Running time: 3.2508 seconds)
Time: 6.25 ms (Running time: 3.2909 seconds)
Time: 6.26 ms (Running time: 3.3169 seconds)
Time: 6.27 ms (Running time: 3.3185 seconds)
Time: 6.28 ms (Running time: 3.3040 seconds)
Time: 6.29 ms (Running time: 3.3011 seconds)
Time: 6.3 ms (Running time: 3.2893 seconds)
Time: 6.31 ms (Running time: 3.3206 seconds)
Time: 6.32 ms (Running time: 3.2907 seconds)
Time: 6.33 ms (Running time: 3.2577 seconds)
Time: 6.34 ms (Running time: 3.2904 seconds)
Time: 6.35 ms (Running time: 3.2972 seconds)
Time: 6.36 ms (Running time: 3.3146 seconds)
Time: 6.37 ms (Running time: 3.2878 seconds)
Time: 6.38 ms (Running time: 3.3135 seconds)
Time: 6.39 ms (Running time: 3.2612 seconds)
Time: 6.4 ms (Running time: 3.3327 seconds)
Time: 6.41 ms (Running time: 3.2605 seconds)
Time: 6.42 ms (Running time: 3.4184 seconds)
Time: 6.43 ms (Running time: 3.2632 seconds)
Time: 6.44 ms (Running time: 3.2421 seconds)
Time: 6.45 ms (Running time: 3.3649 seconds)
Time: 6.46 ms (Running time: 3.2862 seconds)
Time: 6.47 ms (Running time: 3.3561 seconds)
Time: 6.48 ms (Running time: 3.2348 seconds)
Time: 6.49 ms (Running time: 3.2688 seconds)
Time: 6.5 ms (Running time: 3.2851 seconds)
Time: 6.51 ms (Running time: 3.2791 seconds)
Time: 6.52 ms (Running time: 3.2969 seconds)
Time: 6.53 ms (Running time: 3.2527 seconds)
Time: 6.54 ms (Running time: 3.3148 seconds)
Time: 6.55 ms (Running time: 3.3339 seconds)
Time: 6.56 ms (Running time: 3.3478 seconds)
Time: 6.57 ms (Running time: 3.2910 seconds)
Time: 6.58 ms (Running time: 3.3307 seconds)
Time: 6.59 ms (Running time: 3.2776 seconds)
Time: 6.6 ms (Running time: 3.2744 seconds)
Time: 6.61 ms (Running time: 3.3021 seconds)
Time: 6.62 ms (Running time: 3.2798 seconds)
Time: 6.63 ms (Running time: 3.2969 seconds)
Time: 6.64 ms (Running time: 3.3486 seconds)
Time: 6.65 ms (Running time: 3.3195 seconds)
Time: 6.66 ms (Running time: 3.2884 seconds)
Time: 6.67 ms (Running time: 3.3357 seconds)
Time: 6.68 ms (Running time: 3.2472 seconds)
Time: 6.69 ms (Running time: 3.2985 seconds)
Time: 6.7 ms (Running time: 3.2558 seconds)
Time: 6.71 ms (Running time: 3.2919 seconds)
Time: 6.72 ms (Running time: 3.2785 seconds)
Time: 6.73 ms (Running time: 3.2978 seconds)
Time: 6.74 ms (Running time: 3.3101 seconds)
Time: 6.75 ms (Running time: 3.3096 seconds)
Time: 6.76 ms (Running time: 3.3299 seconds)
Time: 6.77 ms (Running time: 3.2978 seconds)
Time: 6.78 ms (Running time: 3.2810 seconds)
Time: 6.79 ms (Running time: 3.3184 seconds)
Time: 6.8 ms (Running time: 3.3326 seconds)
Time: 6.81 ms (Running time: 3.2840 seconds)
Time: 6.82 ms (Running time: 3.2912 seconds)
Time: 6.83 ms (Running time: 3.3294 seconds)
Time: 6.84 ms (Running time: 3.2745 seconds)
Time: 6.85 ms (Running time: 3.3016 seconds)
Time: 6.86 ms (Running time: 3.3394 seconds)
Time: 6.87 ms (Running time: 3.3196 seconds)
Time: 6.88 ms (Running time: 3.3081 seconds)
Time: 6.89 ms (Running time: 3.3453 seconds)
Time: 6.9 ms (Running time: 3.3013 seconds)
Time: 6.91 ms (Running time: 3.2649 seconds)
Time: 6.92 ms (Running time: 3.3557 seconds)
Time: 6.93 ms (Running time: 3.3479 seconds)
Time: 6.94 ms (Running time: 3.3047 seconds)
Time: 6.95 ms (Running time: 3.2991 seconds)
Time: 6.96 ms (Running time: 3.4333 seconds)
Time: 6.97 ms (Running time: 3.2867 seconds)
Time: 6.98 ms (Running time: 3.3312 seconds)
Time: 6.99 ms (Running time: 3.2615 seconds)
Time: 7.0 ms (Running time: 3.2882 seconds)
Time: 7.01 ms (Running time: 3.3097 seconds)
Time: 7.02 ms (Running time: 3.2804 seconds)
Time: 7.03 ms (Running time: 3.2976 seconds)
Time: 7.04 ms (Running time: 3.3015 seconds)
Time: 7.05 ms (Running time: 3.2982 seconds)
Time: 7.06 ms (Running time: 3.3068 seconds)
Time: 7.07 ms (Running time: 3.3281 seconds)
Time: 7.08 ms (Running time: 3.3355 seconds)
Time: 7.09 ms (Running time: 3.2854 seconds)
Time: 7.1 ms (Running time: 3.3185 seconds)
Time: 7.11 ms (Running time: 3.3046 seconds)
Time: 7.12 ms (Running time: 3.3490 seconds)
Time: 7.13 ms (Running time: 3.3290 seconds)
Time: 7.14 ms (Running time: 3.2749 seconds)
Time: 7.15 ms (Running time: 3.3122 seconds)
Time: 7.16 ms (Running time: 3.3240 seconds)
Time: 7.17 ms (Running time: 3.2526 seconds)
Time: 7.18 ms (Running time: 3.2912 seconds)
Time: 7.19 ms (Running time: 3.3214 seconds)
Time: 7.2 ms (Running time: 3.2989 seconds)
Time: 7.21 ms (Running time: 3.3478 seconds)
Time: 7.22 ms (Running time: 3.3579 seconds)
Time: 7.23 ms (Running time: 3.2584 seconds)
Time: 7.24 ms (Running time: 3.2856 seconds)
Time: 7.25 ms (Running time: 3.3311 seconds)
Time: 7.26 ms (Running time: 3.2891 seconds)
Time: 7.27 ms (Running time: 3.2637 seconds)
Time: 7.28 ms (Running time: 3.3006 seconds)
Time: 7.29 ms (Running time: 3.2650 seconds)
Time: 7.3 ms (Running time: 3.2662 seconds)
Time: 7.31 ms (Running time: 3.3440 seconds)
Time: 7.32 ms (Running time: 3.3408 seconds)
Time: 7.33 ms (Running time: 3.2929 seconds)
Time: 7.34 ms (Running time: 3.3672 seconds)
Time: 7.35 ms (Running time: 3.3052 seconds)
Time: 7.36 ms (Running time: 3.2855 seconds)
Time: 7.37 ms (Running time: 3.2825 seconds)
Time: 7.38 ms (Running time: 3.2598 seconds)
Time: 7.39 ms (Running time: 3.2372 seconds)
Time: 7.4 ms (Running time: 3.3393 seconds)
Time: 7.41 ms (Running time: 3.2486 seconds)
Time: 7.42 ms (Running time: 3.2751 seconds)
Time: 7.43 ms (Running time: 3.3318 seconds)
Time: 7.44 ms (Running time: 3.3059 seconds)
Time: 7.45 ms (Running time: 3.2360 seconds)
Time: 7.46 ms (Running time: 3.3112 seconds)
Time: 7.47 ms (Running time: 3.2955 seconds)
Time: 7.48 ms (Running time: 3.2550 seconds)
Time: 7.49 ms (Running time: 3.2876 seconds)
Time: 7.5 ms (Running time: 3.3263 seconds)
Time: 7.51 ms (Running time: 3.2569 seconds)
Time: 7.52 ms (Running time: 3.2748 seconds)
Time: 7.53 ms (Running time: 3.3469 seconds)
Time: 7.54 ms (Running time: 3.3111 seconds)
Time: 7.55 ms (Running time: 3.2310 seconds)
Time: 7.56 ms (Running time: 3.3249 seconds)
Time: 7.57 ms (Running time: 3.2322 seconds)
Time: 7.58 ms (Running time: 3.2922 seconds)
Time: 7.59 ms (Running time: 3.2740 seconds)
Time: 7.6 ms (Running time: 3.3146 seconds)
Time: 7.61 ms (Running time: 3.2806 seconds)
Time: 7.62 ms (Running time: 3.3551 seconds)
Time: 7.63 ms (Running time: 3.3233 seconds)
Time: 7.64 ms (Running time: 3.2782 seconds)
Time: 7.65 ms (Running time: 3.3216 seconds)
Time: 7.66 ms (Running time: 3.3105 seconds)
Time: 7.67 ms (Running time: 3.3266 seconds)
Time: 7.68 ms (Running time: 3.2679 seconds)
Time: 7.69 ms (Running time: 3.3238 seconds)
Time: 7.7 ms (Running time: 3.2552 seconds)
Time: 7.71 ms (Running time: 3.3595 seconds)
Time: 7.72 ms (Running time: 3.3168 seconds)
Time: 7.73 ms (Running time: 3.2785 seconds)
Time: 7.74 ms (Running time: 3.2997 seconds)
Time: 7.75 ms (Running time: 3.2460 seconds)
Time: 7.76 ms (Running time: 3.2807 seconds)
Time: 7.77 ms (Running time: 3.2368 seconds)
Time: 7.78 ms (Running time: 3.2933 seconds)
Time: 7.79 ms (Running time: 3.3231 seconds)
Time: 7.8 ms (Running time: 3.3350 seconds)
Time: 7.81 ms (Running time: 3.2719 seconds)
Time: 7.82 ms (Running time: 3.3140 seconds)
Time: 7.83 ms (Running time: 3.2464 seconds)
Time: 7.84 ms (Running time: 3.2880 seconds)
Time: 7.85 ms (Running time: 3.2744 seconds)
Time: 7.86 ms (Running time: 3.3143 seconds)
Time: 7.87 ms (Running time: 3.2858 seconds)
Time: 7.88 ms (Running time: 3.3576 seconds)
Time: 7.89 ms (Running time: 3.3972 seconds)
Time: 7.9 ms (Running time: 3.3432 seconds)
Time: 7.91 ms (Running time: 3.2938 seconds)
Time: 7.92 ms (Running time: 3.3030 seconds)
Time: 7.93 ms (Running time: 3.2922 seconds)
Time: 7.94 ms (Running time: 3.2299 seconds)
Time: 7.95 ms (Running time: 3.3073 seconds)
Time: 7.96 ms (Running time: 3.4423 seconds)
Time: 7.97 ms (Running time: 3.2817 seconds)
Time: 7.98 ms (Running time: 3.2887 seconds)
Time: 7.99 ms (Running time: 3.2688 seconds)
Time: 8.0 ms (Running time: 3.3311 seconds)
Time: 8.01 ms (Running time: 3.3489 seconds)
Time: 8.02 ms (Running time: 3.2848 seconds)
Time: 8.03 ms (Running time: 3.2950 seconds)
Time: 8.04 ms (Running time: 3.2865 seconds)
Time: 8.05 ms (Running time: 3.2474 seconds)
Time: 8.06 ms (Running time: 3.2520 seconds)
Time: 8.07 ms (Running time: 3.3751 seconds)
Time: 8.08 ms (Running time: 3.2977 seconds)
Time: 8.09 ms (Running time: 3.3235 seconds)
Time: 8.1 ms (Running time: 3.2970 seconds)
Time: 8.11 ms (Running time: 3.2576 seconds)
Time: 8.12 ms (Running time: 3.2615 seconds)
Time: 8.13 ms (Running time: 3.2729 seconds)
Time: 8.14 ms (Running time: 3.3068 seconds)
Time: 8.15 ms (Running time: 3.2968 seconds)
Time: 8.16 ms (Running time: 3.3158 seconds)
Time: 8.17 ms (Running time: 3.3619 seconds)
Time: 8.18 ms (Running time: 3.2817 seconds)
Time: 8.19 ms (Running time: 3.2955 seconds)
Time: 8.2 ms (Running time: 3.2859 seconds)
Time: 8.21 ms (Running time: 3.2608 seconds)
Time: 8.22 ms (Running time: 3.3190 seconds)
Time: 8.23 ms (Running time: 3.2493 seconds)
Time: 8.24 ms (Running time: 3.2643 seconds)
Time: 8.25 ms (Running time: 3.3185 seconds)
Time: 8.26 ms (Running time: 3.2873 seconds)
Time: 8.27 ms (Running time: 3.3048 seconds)
Time: 8.28 ms (Running time: 3.2797 seconds)
Time: 8.29 ms (Running time: 3.3673 seconds)
Time: 8.3 ms (Running time: 3.2688 seconds)
Time: 8.31 ms (Running time: 3.2567 seconds)
Time: 8.32 ms (Running time: 3.2623 seconds)
Time: 8.33 ms (Running time: 3.2690 seconds)
Time: 8.34 ms (Running time: 3.3101 seconds)
Time: 8.35 ms (Running time: 3.3059 seconds)
Time: 8.36 ms (Running time: 3.2983 seconds)
Time: 8.37 ms (Running time: 3.2815 seconds)
Time: 8.38 ms (Running time: 3.2922 seconds)
Time: 8.39 ms (Running time: 3.2342 seconds)
Time: 8.4 ms (Running time: 3.2828 seconds)
Time: 8.41 ms (Running time: 3.2762 seconds)
Time: 8.42 ms (Running time: 3.1792 seconds)
Time: 8.43 ms (Running time: 3.3102 seconds)
Time: 8.44 ms (Running time: 3.2783 seconds)
Time: 8.45 ms (Running time: 3.2769 seconds)
Time: 8.46 ms (Running time: 3.2479 seconds)
Time: 8.47 ms (Running time: 3.2343 seconds)
Time: 8.48 ms (Running time: 3.2892 seconds)
Time: 8.49 ms (Running time: 3.2578 seconds)
Time: 8.5 ms (Running time: 3.2666 seconds)
Time: 8.51 ms (Running time: 3.2253 seconds)
Time: 8.52 ms (Running time: 3.2748 seconds)
Time: 8.53 ms (Running time: 3.3076 seconds)
Time: 8.54 ms (Running time: 3.2984 seconds)
Time: 8.55 ms (Running time: 3.3319 seconds)
Time: 8.56 ms (Running time: 3.2936 seconds)
Time: 8.57 ms (Running time: 3.3492 seconds)
Time: 8.58 ms (Running time: 3.3051 seconds)
Time: 8.59 ms (Running time: 3.2829 seconds)
Time: 8.6 ms (Running time: 3.2452 seconds)
Time: 8.61 ms (Running time: 3.3033 seconds)
Time: 8.62 ms (Running time: 3.2959 seconds)
Time: 8.63 ms (Running time: 3.2291 seconds)
Time: 8.64 ms (Running time: 3.2769 seconds)
Time: 8.65 ms (Running time: 3.2949 seconds)
Time: 8.66 ms (Running time: 3.3271 seconds)
Time: 8.67 ms (Running time: 3.2819 seconds)
Time: 8.68 ms (Running time: 3.3373 seconds)
Time: 8.69 ms (Running time: 3.2526 seconds)
Time: 8.7 ms (Running time: 3.2643 seconds)
Time: 8.71 ms (Running time: 3.3104 seconds)
Time: 8.72 ms (Running time: 3.2558 seconds)
Time: 8.73 ms (Running time: 3.3068 seconds)
Time: 8.74 ms (Running time: 3.3185 seconds)
Time: 8.75 ms (Running time: 3.3170 seconds)
Time: 8.76 ms (Running time: 3.2822 seconds)
Time: 8.77 ms (Running time: 3.3364 seconds)
Time: 8.78 ms (Running time: 3.2620 seconds)
Time: 8.79 ms (Running time: 3.2732 seconds)
Time: 8.8 ms (Running time: 3.2778 seconds)
Time: 8.81 ms (Running time: 3.2970 seconds)
Time: 8.82 ms (Running time: 3.3471 seconds)
Time: 8.83 ms (Running time: 3.2806 seconds)
Time: 8.84 ms (Running time: 3.3037 seconds)
Time: 8.85 ms (Running time: 3.3006 seconds)
Time: 8.86 ms (Running time: 3.2954 seconds)
Time: 8.87 ms (Running time: 3.3320 seconds)
Time: 8.88 ms (Running time: 3.2870 seconds)
Time: 8.89 ms (Running time: 3.3156 seconds)
Time: 8.9 ms (Running time: 3.2611 seconds)
Time: 8.91 ms (Running time: 3.3170 seconds)
Time: 8.92 ms (Running time: 3.2265 seconds)
Time: 8.93 ms (Running time: 3.3230 seconds)
Time: 8.94 ms (Running time: 3.3136 seconds)
Time: 8.95 ms (Running time: 3.2718 seconds)
Time: 8.96 ms (Running time: 3.3952 seconds)
Time: 8.97 ms (Running time: 3.2931 seconds)
Time: 8.98 ms (Running time: 3.2979 seconds)
Time: 8.99 ms (Running time: 3.2542 seconds)
Time: 9.0 ms (Running time: 3.3140 seconds)
Time: 9.01 ms (Running time: 3.2795 seconds)
Time: 9.02 ms (Running time: 3.2636 seconds)
Time: 9.03 ms (Running time: 3.2992 seconds)
Time: 9.04 ms (Running time: 3.3090 seconds)
Time: 9.05 ms (Running time: 3.2654 seconds)
Time: 9.06 ms (Running time: 3.2374 seconds)
Time: 9.07 ms (Running time: 3.2788 seconds)
Time: 9.08 ms (Running time: 3.3352 seconds)
Time: 9.09 ms (Running time: 3.2470 seconds)
Time: 9.1 ms (Running time: 3.2991 seconds)
Time: 9.11 ms (Running time: 3.2477 seconds)
Time: 9.12 ms (Running time: 3.2952 seconds)
Time: 9.13 ms (Running time: 3.2914 seconds)
Time: 9.14 ms (Running time: 3.2563 seconds)
Time: 9.15 ms (Running time: 3.3055 seconds)
Time: 9.16 ms (Running time: 3.3373 seconds)
Time: 9.17 ms (Running time: 3.2480 seconds)
Time: 9.18 ms (Running time: 3.2655 seconds)
Time: 9.19 ms (Running time: 3.2436 seconds)
Time: 9.2 ms (Running time: 3.2427 seconds)
Time: 9.21 ms (Running time: 3.2775 seconds)
Time: 9.22 ms (Running time: 3.3236 seconds)
Time: 9.23 ms (Running time: 3.2352 seconds)
Time: 9.24 ms (Running time: 3.2995 seconds)
Time: 9.25 ms (Running time: 3.2719 seconds)
Time: 9.26 ms (Running time: 3.3379 seconds)
Time: 9.27 ms (Running time: 3.2525 seconds)
Time: 9.28 ms (Running time: 3.2972 seconds)
Time: 9.29 ms (Running time: 3.2474 seconds)
Time: 9.3 ms (Running time: 3.3438 seconds)
Time: 9.31 ms (Running time: 3.2764 seconds)
Time: 9.32 ms (Running time: 3.3083 seconds)
Time: 9.33 ms (Running time: 3.3153 seconds)
Time: 9.34 ms (Running time: 3.2883 seconds)
Time: 9.35 ms (Running time: 3.3068 seconds)
Time: 9.36 ms (Running time: 3.2480 seconds)
Time: 9.37 ms (Running time: 3.2757 seconds)
Time: 9.38 ms (Running time: 3.2432 seconds)
Time: 9.39 ms (Running time: 3.3121 seconds)
Time: 9.4 ms (Running time: 3.2597 seconds)
Time: 9.41 ms (Running time: 3.3216 seconds)
Time: 9.42 ms (Running time: 3.3053 seconds)
Time: 9.43 ms (Running time: 3.3535 seconds)
Time: 9.44 ms (Running time: 3.3718 seconds)
Time: 9.45 ms (Running time: 3.2683 seconds)
Time: 9.46 ms (Running time: 3.2840 seconds)
Time: 9.47 ms (Running time: 3.2639 seconds)
Time: 9.48 ms (Running time: 3.2408 seconds)
Time: 9.49 ms (Running time: 3.3026 seconds)
Time: 9.5 ms (Running time: 3.2678 seconds)
Time: 9.51 ms (Running time: 3.3286 seconds)
Time: 9.52 ms (Running time: 3.2715 seconds)
Time: 9.53 ms (Running time: 3.3181 seconds)
Time: 9.54 ms (Running time: 3.1960 seconds)
Time: 9.55 ms (Running time: 3.2497 seconds)
Time: 9.56 ms (Running time: 3.2878 seconds)
Time: 9.57 ms (Running time: 3.2491 seconds)
Time: 9.58 ms (Running time: 3.2364 seconds)
Time: 9.59 ms (Running time: 3.2746 seconds)
Time: 9.6 ms (Running time: 3.3175 seconds)
Time: 9.61 ms (Running time: 3.2983 seconds)
Time: 9.62 ms (Running time: 3.3623 seconds)
Time: 9.63 ms (Running time: 3.2925 seconds)
Time: 9.64 ms (Running time: 3.2935 seconds)
Time: 9.65 ms (Running time: 3.2272 seconds)
Time: 9.66 ms (Running time: 3.2341 seconds)
Time: 9.67 ms (Running time: 3.2928 seconds)
Time: 9.68 ms (Running time: 3.2381 seconds)
Time: 9.69 ms (Running time: 3.2807 seconds)
Time: 9.7 ms (Running time: 3.3081 seconds)
Time: 9.71 ms (Running time: 3.2710 seconds)
Time: 9.72 ms (Running time: 3.2839 seconds)
Time: 9.73 ms (Running time: 3.2612 seconds)
Time: 9.74 ms (Running time: 3.2839 seconds)
Time: 9.75 ms (Running time: 3.2664 seconds)
Time: 9.76 ms (Running time: 3.2702 seconds)
Time: 9.77 ms (Running time: 3.2673 seconds)
Time: 9.78 ms (Running time: 3.2647 seconds)
Time: 9.79 ms (Running time: 3.3176 seconds)
Time: 9.8 ms (Running time: 3.3192 seconds)
Time: 9.81 ms (Running time: 3.3664 seconds)
Time: 9.82 ms (Running time: 3.3106 seconds)
Time: 9.83 ms (Running time: 3.2972 seconds)
Time: 9.84 ms (Running time: 3.2907 seconds)
Time: 9.85 ms (Running time: 3.2493 seconds)
Time: 9.86 ms (Running time: 3.2669 seconds)
Time: 9.87 ms (Running time: 3.2106 seconds)
Time: 9.88 ms (Running time: 3.2844 seconds)
Time: 9.89 ms (Running time: 3.2670 seconds)
Time: 9.9 ms (Running time: 3.2759 seconds)
Time: 9.91 ms (Running time: 3.2732 seconds)
Time: 9.92 ms (Running time: 3.2876 seconds)
Time: 9.93 ms (Running time: 3.2651 seconds)
Time: 9.94 ms (Running time: 3.2240 seconds)
Time: 9.95 ms (Running time: 3.2606 seconds)
Time: 9.96 ms (Running time: 3.3893 seconds)
Time: 9.97 ms (Running time: 3.2636 seconds)
Time: 9.98 ms (Running time: 3.3056 seconds)
Time: 9.99 ms (Running time: 3.3630 seconds)

(Running time: 3432.0019 seconds)
Terminated: 15
h28is063:network Paul$ 
